<?xml version="1.0" encoding="UTF-8"?>
<!-- Generated by org.testng.reporters.JUnitReportReporter -->
<testsuite hostname="MAVCHN1121767" failures="0" tests="1" name="Sample.Post_Request" time="2.883" errors="0" timestamp="2022-02-25T15:54:19 IST" skipped="0">
  <testcase classname="Sample.Post_Request" name="postrequest" time="2.883"/>
  <system-out/>
</testsuite> <!-- Sample.Post_Request -->
