<?xml version="1.0" encoding="UTF-8"?>
<!-- Generated by org.testng.reporters.JUnitReportReporter -->
<testsuite hostname="MAVCHN1121767" failures="0" tests="1" name="Sample.Delete_Request" time="3.057" errors="0" timestamp="2022-02-25T15:57:38 IST" skipped="0">
  <testcase classname="Sample.Delete_Request" name="deleterequest" time="3.057"/>
  <system-out/>
</testsuite> <!-- Sample.Delete_Request -->
