<?xml version="1.0" encoding="UTF-8"?>
<!-- Generated by org.testng.reporters.JUnitReportReporter -->
<testsuite hostname="MAVCHN1121767" failures="0" tests="1" name="Sample.Get_Request" time="2.714" errors="0" timestamp="2022-02-25T15:58:02 IST" skipped="0">
  <testcase classname="Sample.Get_Request" name="getrequest" time="2.714"/>
  <system-out/>
</testsuite> <!-- Sample.Get_Request -->
